mode: set
github.com/tomskip123/EpicServer/v2/db/gorm.go:20.59,21.36 1 1
github.com/tomskip123/EpicServer/v2/db/gorm.go:21.36,33.29 5 1
github.com/tomskip123/EpicServer/v2/db/gorm.go:34.16,35.67 1 0
github.com/tomskip123/EpicServer/v2/db/gorm.go:36.19,37.70 1 0
github.com/tomskip123/EpicServer/v2/db/gorm.go:38.17,39.68 1 1
github.com/tomskip123/EpicServer/v2/db/gorm.go:40.11,45.10 4 1
github.com/tomskip123/EpicServer/v2/db/gorm.go:48.3,48.17 1 1
github.com/tomskip123/EpicServer/v2/db/gorm.go:48.17,54.4 3 0
github.com/tomskip123/EpicServer/v2/db/gorm.go:56.3,61.48 3 1
github.com/tomskip123/EpicServer/v2/db/gorm.go:66.70,67.58 1 1
github.com/tomskip123/EpicServer/v2/db/gorm.go:67.58,69.3 1 1
github.com/tomskip123/EpicServer/v2/db/gorm.go:70.2,70.41 1 1
github.com/tomskip123/EpicServer/v2/db/gorm.go:74.98,86.16 5 1
github.com/tomskip123/EpicServer/v2/db/gorm.go:86.16,90.3 1 0
github.com/tomskip123/EpicServer/v2/db/gorm.go:90.8,93.3 1 0
github.com/tomskip123/EpicServer/v2/db/gorm.go:95.2,95.12 1 0
github.com/tomskip123/EpicServer/v2/db/mongo.go:33.45,35.2 1 1
github.com/tomskip123/EpicServer/v2/db/mongo.go:48.57,49.36 1 1
github.com/tomskip123/EpicServer/v2/db/mongo.go:49.36,65.17 7 1
github.com/tomskip123/EpicServer/v2/db/mongo.go:65.17,71.4 3 0
github.com/tomskip123/EpicServer/v2/db/mongo.go:74.3,75.17 2 1
github.com/tomskip123/EpicServer/v2/db/mongo.go:75.17,81.4 3 0
github.com/tomskip123/EpicServer/v2/db/mongo.go:83.3,88.50 3 1
github.com/tomskip123/EpicServer/v2/db/mongo.go:93.80,94.59 1 1
github.com/tomskip123/EpicServer/v2/db/mongo.go:94.59,96.3 1 1
github.com/tomskip123/EpicServer/v2/db/mongo.go:97.2,97.73 1 1
github.com/tomskip123/EpicServer/v2/db/mongo.go:101.84,102.59 1 0
github.com/tomskip123/EpicServer/v2/db/mongo.go:102.59,104.3 1 0
github.com/tomskip123/EpicServer/v2/db/mongo.go:105.2,105.73 1 0
github.com/tomskip123/EpicServer/v2/db/mongo.go:109.111,110.59 1 1
github.com/tomskip123/EpicServer/v2/db/mongo.go:110.59,112.3 1 0
github.com/tomskip123/EpicServer/v2/db/mongo.go:113.2,113.73 1 1
github.com/tomskip123/EpicServer/v2/db/mongo.go:118.109,123.16 3 0
github.com/tomskip123/EpicServer/v2/db/mongo.go:123.16,126.3 2 0
github.com/tomskip123/EpicServer/v2/db/mongo.go:128.2,129.12 2 0
github.com/tomskip123/EpicServer/v2/db/mongo.go:132.76,134.32 2 1
github.com/tomskip123/EpicServer/v2/db/mongo.go:134.32,137.3 2 1
github.com/tomskip123/EpicServer/v2/db/mongo.go:139.2,139.17 1 1
github.com/tomskip123/EpicServer/v2/db/mongo.go:142.53,145.2 2 1
github.com/tomskip123/EpicServer/v2/db/mongo.go:147.67,148.29 1 1
github.com/tomskip123/EpicServer/v2/db/mongo.go:148.29,149.20 1 1
github.com/tomskip123/EpicServer/v2/db/mongo.go:149.20,151.4 1 1
github.com/tomskip123/EpicServer/v2/db/mongo.go:153.2,153.14 1 1
github.com/tomskip123/EpicServer/v2/db/mysql.go:20.56,21.36 1 1
github.com/tomskip123/EpicServer/v2/db/mysql.go:21.36,40.17 5 1
github.com/tomskip123/EpicServer/v2/db/mysql.go:40.17,45.4 3 0
github.com/tomskip123/EpicServer/v2/db/mysql.go:47.3,47.35 1 1
github.com/tomskip123/EpicServer/v2/db/mysql.go:47.35,52.4 3 1
github.com/tomskip123/EpicServer/v2/db/mysql.go:54.3,58.46 2 0
github.com/tomskip123/EpicServer/v2/db/mysql.go:62.70,63.50 1 1
github.com/tomskip123/EpicServer/v2/db/mysql.go:63.50,65.3 1 1
github.com/tomskip123/EpicServer/v2/db/mysql.go:66.2,66.46 1 1
github.com/tomskip123/EpicServer/v2/db/postgres.go:21.62,22.36 1 1
github.com/tomskip123/EpicServer/v2/db/postgres.go:22.36,42.17 5 1
github.com/tomskip123/EpicServer/v2/db/postgres.go:42.17,47.4 3 0
github.com/tomskip123/EpicServer/v2/db/postgres.go:49.3,49.35 1 1
github.com/tomskip123/EpicServer/v2/db/postgres.go:49.35,54.4 3 1
github.com/tomskip123/EpicServer/v2/db/postgres.go:56.3,60.46 2 0
github.com/tomskip123/EpicServer/v2/db/postgres.go:64.73,65.50 1 1
github.com/tomskip123/EpicServer/v2/db/postgres.go:65.50,67.3 1 1
github.com/tomskip123/EpicServer/v2/db/postgres.go:68.2,68.49 1 1
github.com/tomskip123/EpicServer/v2/template/templ.go:8.78,11.2 2 1
github.com/tomskip123/EpicServer/v2/auth.go:74.12,75.25 1 1
github.com/tomskip123/EpicServer/v2/auth.go:75.25,79.38 2 1
github.com/tomskip123/EpicServer/v2/auth.go:79.38,80.142 1 1
github.com/tomskip123/EpicServer/v2/auth.go:80.142,81.57 1 1
github.com/tomskip123/EpicServer/v2/auth.go:84.4,92.45 2 1
github.com/tomskip123/EpicServer/v2/auth.go:95.3,102.51 3 1
github.com/tomskip123/EpicServer/v2/auth.go:111.40,113.2 1 1
github.com/tomskip123/EpicServer/v2/auth.go:117.57,118.49 1 1
github.com/tomskip123/EpicServer/v2/auth.go:118.49,122.3 3 1
github.com/tomskip123/EpicServer/v2/auth.go:123.2,123.44 1 1
github.com/tomskip123/EpicServer/v2/auth.go:126.105,130.2 3 1
github.com/tomskip123/EpicServer/v2/auth.go:132.56,133.25 1 1
github.com/tomskip123/EpicServer/v2/auth.go:133.25,134.37 1 1
github.com/tomskip123/EpicServer/v2/auth.go:134.37,136.42 1 1
github.com/tomskip123/EpicServer/v2/auth.go:136.42,139.5 2 0
github.com/tomskip123/EpicServer/v2/auth.go:142.4,145.18 3 1
github.com/tomskip123/EpicServer/v2/auth.go:145.18,150.35 2 1
github.com/tomskip123/EpicServer/v2/auth.go:150.35,152.6 1 0
github.com/tomskip123/EpicServer/v2/auth.go:152.11,154.6 1 1
github.com/tomskip123/EpicServer/v2/auth.go:155.5,155.11 1 1
github.com/tomskip123/EpicServer/v2/auth.go:158.4,163.12 3 0
github.com/tomskip123/EpicServer/v2/auth.go:167.3,170.44 2 1
github.com/tomskip123/EpicServer/v2/auth.go:174.91,179.16 3 1
github.com/tomskip123/EpicServer/v2/auth.go:179.16,182.3 2 1
github.com/tomskip123/EpicServer/v2/auth.go:184.2,185.16 2 1
github.com/tomskip123/EpicServer/v2/auth.go:185.16,191.3 2 1
github.com/tomskip123/EpicServer/v2/auth.go:194.2,195.16 2 0
github.com/tomskip123/EpicServer/v2/auth.go:195.16,200.3 2 0
github.com/tomskip123/EpicServer/v2/auth.go:202.2,213.21 3 0
github.com/tomskip123/EpicServer/v2/auth.go:233.93,236.2 2 1
github.com/tomskip123/EpicServer/v2/auth.go:239.82,243.28 1 1
github.com/tomskip123/EpicServer/v2/auth.go:243.28,247.4 3 1
github.com/tomskip123/EpicServer/v2/auth.go:254.70,256.2 1 1
github.com/tomskip123/EpicServer/v2/auth.go:259.102,261.2 1 1
github.com/tomskip123/EpicServer/v2/auth.go:264.66,266.2 1 1
github.com/tomskip123/EpicServer/v2/auth.go:269.97,271.2 1 1
github.com/tomskip123/EpicServer/v2/auth.go:274.75,276.2 1 1
github.com/tomskip123/EpicServer/v2/auth.go:279.72,281.2 1 1
github.com/tomskip123/EpicServer/v2/auth.go:284.56,285.25 1 1
github.com/tomskip123/EpicServer/v2/auth.go:285.25,291.3 3 1
github.com/tomskip123/EpicServer/v2/auth.go:300.118,301.32 1 1
github.com/tomskip123/EpicServer/v2/auth.go:301.32,314.38 7 1
github.com/tomskip123/EpicServer/v2/auth.go:314.38,318.18 3 1
github.com/tomskip123/EpicServer/v2/auth.go:318.18,322.5 3 1
github.com/tomskip123/EpicServer/v2/auth.go:324.4,325.18 2 1
github.com/tomskip123/EpicServer/v2/auth.go:325.18,329.5 3 0
github.com/tomskip123/EpicServer/v2/auth.go:331.4,331.43 1 1
github.com/tomskip123/EpicServer/v2/auth.go:338.3,338.40 1 1
github.com/tomskip123/EpicServer/v2/auth.go:338.40,340.4 1 0
github.com/tomskip123/EpicServer/v2/auth.go:342.3,342.65 1 1
github.com/tomskip123/EpicServer/v2/auth.go:342.65,343.32 1 1
github.com/tomskip123/EpicServer/v2/auth.go:343.32,347.12 2 1
github.com/tomskip123/EpicServer/v2/auth.go:347.12,351.6 3 0
github.com/tomskip123/EpicServer/v2/auth.go:353.5,354.19 2 1
github.com/tomskip123/EpicServer/v2/auth.go:354.19,358.6 3 1
github.com/tomskip123/EpicServer/v2/auth.go:360.5,360.23 1 0
github.com/tomskip123/EpicServer/v2/auth.go:360.23,364.6 3 0
github.com/tomskip123/EpicServer/v2/auth.go:367.5,371.19 2 0
github.com/tomskip123/EpicServer/v2/auth.go:371.19,375.6 3 0
github.com/tomskip123/EpicServer/v2/auth.go:377.5,386.19 2 0
github.com/tomskip123/EpicServer/v2/auth.go:386.19,390.6 3 0
github.com/tomskip123/EpicServer/v2/auth.go:392.5,393.11 2 0
github.com/tomskip123/EpicServer/v2/auth.go:396.4,400.10 3 1
github.com/tomskip123/EpicServer/v2/auth.go:403.3,404.68 2 1
github.com/tomskip123/EpicServer/v2/auth.go:408.62,410.18 2 1
github.com/tomskip123/EpicServer/v2/auth.go:410.18,412.3 1 1
github.com/tomskip123/EpicServer/v2/auth.go:414.2,417.16 3 1
github.com/tomskip123/EpicServer/v2/auth.go:417.16,418.13 1 0
github.com/tomskip123/EpicServer/v2/auth.go:421.2,423.56 3 1
github.com/tomskip123/EpicServer/v2/auth.go:423.56,424.13 1 0
github.com/tomskip123/EpicServer/v2/auth.go:427.2,437.52 7 1
github.com/tomskip123/EpicServer/v2/auth.go:440.60,442.18 2 1
github.com/tomskip123/EpicServer/v2/auth.go:442.18,444.3 1 1
github.com/tomskip123/EpicServer/v2/auth.go:446.2,448.16 3 1
github.com/tomskip123/EpicServer/v2/auth.go:448.16,450.3 1 1
github.com/tomskip123/EpicServer/v2/auth.go:452.2,453.16 2 1
github.com/tomskip123/EpicServer/v2/auth.go:453.16,455.3 1 0
github.com/tomskip123/EpicServer/v2/auth.go:457.2,457.37 1 1
github.com/tomskip123/EpicServer/v2/auth.go:457.37,459.3 1 0
github.com/tomskip123/EpicServer/v2/auth.go:461.2,469.42 7 1
github.com/tomskip123/EpicServer/v2/auth.go:469.42,471.3 1 0
github.com/tomskip123/EpicServer/v2/auth.go:473.2,476.27 3 1
github.com/tomskip123/EpicServer/v2/auth.go:479.148,480.32 1 1
github.com/tomskip123/EpicServer/v2/auth.go:480.32,488.14 5 1
github.com/tomskip123/EpicServer/v2/auth.go:488.14,492.4 3 1
github.com/tomskip123/EpicServer/v2/auth.go:495.3,496.17 2 0
github.com/tomskip123/EpicServer/v2/auth.go:496.17,500.4 3 0
github.com/tomskip123/EpicServer/v2/auth.go:503.3,504.10 2 0
github.com/tomskip123/EpicServer/v2/auth.go:504.10,509.4 3 0
github.com/tomskip123/EpicServer/v2/auth.go:512.3,513.17 2 0
github.com/tomskip123/EpicServer/v2/auth.go:513.17,518.4 3 0
github.com/tomskip123/EpicServer/v2/auth.go:521.3,523.49 2 0
github.com/tomskip123/EpicServer/v2/auth.go:523.49,528.4 3 0
github.com/tomskip123/EpicServer/v2/auth.go:530.3,536.17 3 0
github.com/tomskip123/EpicServer/v2/auth.go:536.17,538.4 1 0
github.com/tomskip123/EpicServer/v2/auth.go:540.3,559.17 3 0
github.com/tomskip123/EpicServer/v2/auth.go:559.17,562.4 2 0
github.com/tomskip123/EpicServer/v2/auth.go:564.3,564.36 1 0
github.com/tomskip123/EpicServer/v2/auth.go:564.36,566.18 2 0
github.com/tomskip123/EpicServer/v2/auth.go:566.18,571.5 3 0
github.com/tomskip123/EpicServer/v2/auth.go:573.4,576.18 3 0
github.com/tomskip123/EpicServer/v2/auth.go:576.18,580.5 3 0
github.com/tomskip123/EpicServer/v2/auth.go:582.4,585.10 3 0
github.com/tomskip123/EpicServer/v2/auth.go:588.3,591.41 2 0
github.com/tomskip123/EpicServer/v2/auth.go:596.98,597.32 1 1
github.com/tomskip123/EpicServer/v2/auth.go:597.32,600.45 2 1
github.com/tomskip123/EpicServer/v2/auth.go:600.45,601.37 1 0
github.com/tomskip123/EpicServer/v2/auth.go:601.37,603.5 1 0
github.com/tomskip123/EpicServer/v2/auth.go:606.3,616.26 2 1
github.com/tomskip123/EpicServer/v2/auth.go:616.26,618.4 1 0
github.com/tomskip123/EpicServer/v2/auth.go:620.3,620.34 1 1
github.com/tomskip123/EpicServer/v2/auth.go:620.34,623.4 2 1
github.com/tomskip123/EpicServer/v2/auth.go:625.3,625.41 1 1
github.com/tomskip123/EpicServer/v2/auth.go:637.9,650.29 4 1
github.com/tomskip123/EpicServer/v2/auth.go:650.29,652.3 1 1
github.com/tomskip123/EpicServer/v2/auth.go:654.2,657.16 3 1
github.com/tomskip123/EpicServer/v2/auth.go:657.16,661.3 2 0
github.com/tomskip123/EpicServer/v2/auth.go:664.2,678.14 3 1
github.com/tomskip123/EpicServer/v2/auth.go:682.18,687.57 3 1
github.com/tomskip123/EpicServer/v2/auth.go:687.57,690.3 2 0
github.com/tomskip123/EpicServer/v2/auth.go:693.2,694.16 2 1
github.com/tomskip123/EpicServer/v2/auth.go:694.16,695.53 1 1
github.com/tomskip123/EpicServer/v2/auth.go:698.2,699.16 2 1
github.com/tomskip123/EpicServer/v2/auth.go:699.16,700.54 1 0
github.com/tomskip123/EpicServer/v2/auth.go:704.2,704.47 1 1
github.com/tomskip123/EpicServer/v2/auth.go:704.47,705.38 1 0
github.com/tomskip123/EpicServer/v2/auth.go:710.48,712.18 1 1
github.com/tomskip123/EpicServer/v2/auth.go:713.16,714.39 1 1
github.com/tomskip123/EpicServer/v2/auth.go:715.10,716.39 1 1
github.com/tomskip123/EpicServer/v2/auth.go:727.40,732.16 4 1
github.com/tomskip123/EpicServer/v2/auth.go:732.16,733.53 1 0
github.com/tomskip123/EpicServer/v2/auth.go:736.2,737.16 2 1
github.com/tomskip123/EpicServer/v2/auth.go:737.16,738.54 1 0
github.com/tomskip123/EpicServer/v2/auth.go:741.2,743.3 1 1
github.com/tomskip123/EpicServer/v2/auth.go:755.91,757.16 2 1
github.com/tomskip123/EpicServer/v2/auth.go:757.16,759.3 1 1
github.com/tomskip123/EpicServer/v2/auth.go:761.2,761.16 1 1
github.com/tomskip123/EpicServer/v2/auth.go:764.154,767.16 2 1
github.com/tomskip123/EpicServer/v2/auth.go:767.16,769.3 1 0
github.com/tomskip123/EpicServer/v2/auth.go:772.2,781.12 2 1
github.com/tomskip123/EpicServer/v2/auth.go:784.106,787.16 2 1
github.com/tomskip123/EpicServer/v2/auth.go:787.16,789.3 1 1
github.com/tomskip123/EpicServer/v2/auth.go:792.2,794.16 3 1
github.com/tomskip123/EpicServer/v2/auth.go:794.16,796.3 1 1
github.com/tomskip123/EpicServer/v2/auth.go:798.2,798.20 1 1
github.com/tomskip123/EpicServer/v2/auth.go:802.46,805.16 3 1
github.com/tomskip123/EpicServer/v2/auth.go:805.16,807.3 1 0
github.com/tomskip123/EpicServer/v2/auth.go:808.2,808.37 1 1
github.com/tomskip123/EpicServer/v2/auth.go:812.56,813.25 1 1
github.com/tomskip123/EpicServer/v2/auth.go:813.25,817.37 2 1
github.com/tomskip123/EpicServer/v2/auth.go:817.37,819.4 1 1
github.com/tomskip123/EpicServer/v2/auth.go:822.3,822.40 1 1
github.com/tomskip123/EpicServer/v2/auth.go:822.40,824.4 1 1
github.com/tomskip123/EpicServer/v2/auth.go:828.49,829.38 1 1
github.com/tomskip123/EpicServer/v2/auth.go:829.38,831.3 1 1
github.com/tomskip123/EpicServer/v2/auth.go:834.2,834.25 1 1
github.com/tomskip123/EpicServer/v2/auth.go:834.25,836.3 1 1
github.com/tomskip123/EpicServer/v2/auth.go:839.2,839.40 1 1
github.com/tomskip123/EpicServer/v2/auth.go:839.40,840.42 1 1
github.com/tomskip123/EpicServer/v2/auth.go:840.42,842.39 2 1
github.com/tomskip123/EpicServer/v2/auth.go:842.39,844.5 1 1
github.com/tomskip123/EpicServer/v2/auth.go:848.2,848.14 1 1
github.com/tomskip123/EpicServer/v2/auth.go:851.42,854.16 3 1
github.com/tomskip123/EpicServer/v2/auth.go:854.16,856.3 1 0
github.com/tomskip123/EpicServer/v2/auth.go:857.2,857.54 1 1
github.com/tomskip123/EpicServer/v2/auth.go:861.44,865.16 3 1
github.com/tomskip123/EpicServer/v2/auth.go:865.16,868.3 2 0
github.com/tomskip123/EpicServer/v2/auth.go:870.2,870.33 1 1
github.com/tomskip123/EpicServer/v2/auth.go:870.33,871.21 1 1
github.com/tomskip123/EpicServer/v2/auth.go:871.21,873.4 1 1
github.com/tomskip123/EpicServer/v2/auth.go:877.2,880.39 3 1
github.com/tomskip123/EpicServer/v2/auth.go:880.39,881.22 1 1
github.com/tomskip123/EpicServer/v2/auth.go:881.22,883.4 1 1
github.com/tomskip123/EpicServer/v2/auth.go:887.2,887.53 1 1
github.com/tomskip123/EpicServer/v2/auth.go:907.51,909.13 2 1
github.com/tomskip123/EpicServer/v2/auth.go:909.13,911.3 1 1
github.com/tomskip123/EpicServer/v2/auth.go:913.2,914.9 2 1
github.com/tomskip123/EpicServer/v2/auth.go:914.9,916.3 1 1
github.com/tomskip123/EpicServer/v2/auth.go:918.2,918.21 1 1
github.com/tomskip123/EpicServer/v2/auth.go:922.55,924.16 2 1
github.com/tomskip123/EpicServer/v2/auth.go:924.16,926.3 1 1
github.com/tomskip123/EpicServer/v2/auth.go:927.2,927.21 1 1
github.com/tomskip123/EpicServer/v2/config.go:36.48,38.2 1 1
github.com/tomskip123/EpicServer/v2/config.go:41.35,42.27 1 1
github.com/tomskip123/EpicServer/v2/config.go:42.27,47.3 1 1
github.com/tomskip123/EpicServer/v2/config.go:49.2,49.48 1 1
github.com/tomskip123/EpicServer/v2/config.go:49.48,54.3 1 0
github.com/tomskip123/EpicServer/v2/config.go:56.2,56.12 1 1
github.com/tomskip123/EpicServer/v2/config.go:60.44,61.25 1 1
github.com/tomskip123/EpicServer/v2/config.go:61.25,64.3 2 1
github.com/tomskip123/EpicServer/v2/config.go:68.44,69.25 1 1
github.com/tomskip123/EpicServer/v2/config.go:69.25,71.3 1 1
github.com/tomskip123/EpicServer/v2/config.go:75.40,76.25 1 1
github.com/tomskip123/EpicServer/v2/config.go:76.25,78.3 1 1
github.com/tomskip123/EpicServer/v2/config.go:82.42,83.25 1 1
github.com/tomskip123/EpicServer/v2/config.go:83.25,85.3 1 1
github.com/tomskip123/EpicServer/v2/config.go:89.44,90.25 1 1
github.com/tomskip123/EpicServer/v2/config.go:90.25,92.3 1 1
github.com/tomskip123/EpicServer/v2/config.go:96.38,97.25 1 1
github.com/tomskip123/EpicServer/v2/config.go:97.25,99.3 1 1
github.com/tomskip123/EpicServer/v2/config.go:103.46,104.25 1 1
github.com/tomskip123/EpicServer/v2/config.go:104.25,106.3 1 1
github.com/tomskip123/EpicServer/v2/config.go:110.55,111.25 1 1
github.com/tomskip123/EpicServer/v2/config.go:111.25,113.3 1 1
github.com/tomskip123/EpicServer/v2/config.go:117.45,119.2 1 1
github.com/tomskip123/EpicServer/v2/config.go:124.27,125.25 1 1
github.com/tomskip123/EpicServer/v2/config.go:125.25,127.62 1 1
github.com/tomskip123/EpicServer/v2/config.go:127.62,129.4 1 1
github.com/tomskip123/EpicServer/v2/config.go:131.3,131.68 1 1
github.com/tomskip123/EpicServer/v2/config.go:131.68,132.54 1 1
github.com/tomskip123/EpicServer/v2/config.go:132.54,134.5 1 1
github.com/tomskip123/EpicServer/v2/config.go:138.3,138.67 1 1
github.com/tomskip123/EpicServer/v2/config.go:138.67,140.4 1 1
github.com/tomskip123/EpicServer/v2/config.go:143.3,143.94 1 1
github.com/tomskip123/EpicServer/v2/config.go:143.94,145.4 1 0
github.com/tomskip123/EpicServer/v2/config.go:147.3,147.88 1 1
github.com/tomskip123/EpicServer/v2/config.go:147.88,149.4 1 0
github.com/tomskip123/EpicServer/v2/config.go:151.3,151.79 1 1
github.com/tomskip123/EpicServer/v2/config.go:151.79,153.4 1 0
github.com/tomskip123/EpicServer/v2/config.go:155.3,155.73 1 1
github.com/tomskip123/EpicServer/v2/config.go:155.73,157.4 1 0
github.com/tomskip123/EpicServer/v2/config.go:160.3,160.70 1 1
github.com/tomskip123/EpicServer/v2/config.go:160.70,162.4 1 0
github.com/tomskip123/EpicServer/v2/logger.go:31.35,32.11 1 1
github.com/tomskip123/EpicServer/v2/logger.go:33.21,34.17 1 1
github.com/tomskip123/EpicServer/v2/logger.go:35.20,36.16 1 1
github.com/tomskip123/EpicServer/v2/logger.go:37.20,38.16 1 1
github.com/tomskip123/EpicServer/v2/logger.go:39.21,40.17 1 1
github.com/tomskip123/EpicServer/v2/logger.go:41.21,42.17 1 0
github.com/tomskip123/EpicServer/v2/logger.go:43.10,44.19 1 0
github.com/tomskip123/EpicServer/v2/logger.go:72.57,77.2 1 1
github.com/tomskip123/EpicServer/v2/logger.go:80.63,84.2 3 1
github.com/tomskip123/EpicServer/v2/logger.go:87.56,91.39 3 1
github.com/tomskip123/EpicServer/v2/logger.go:91.39,93.3 1 1
github.com/tomskip123/EpicServer/v2/logger.go:96.2,97.38 2 1
github.com/tomskip123/EpicServer/v2/logger.go:97.38,99.46 2 1
github.com/tomskip123/EpicServer/v2/logger.go:99.46,101.4 1 1
github.com/tomskip123/EpicServer/v2/logger.go:104.2,104.23 1 1
github.com/tomskip123/EpicServer/v2/logger.go:108.55,112.2 3 1
github.com/tomskip123/EpicServer/v2/logger.go:115.50,119.2 3 1
github.com/tomskip123/EpicServer/v2/logger.go:122.37,126.2 3 1
github.com/tomskip123/EpicServer/v2/logger.go:129.52,131.2 1 1
github.com/tomskip123/EpicServer/v2/logger.go:134.45,136.2 1 1
github.com/tomskip123/EpicServer/v2/logger.go:139.38,141.2 1 0
github.com/tomskip123/EpicServer/v2/logger.go:144.33,146.2 1 0
github.com/tomskip123/EpicServer/v2/logger.go:170.48,172.2 1 1
github.com/tomskip123/EpicServer/v2/logger.go:186.40,195.2 1 1
github.com/tomskip123/EpicServer/v2/logger.go:198.70,207.2 1 1
github.com/tomskip123/EpicServer/v2/logger.go:210.105,219.2 1 1
github.com/tomskip123/EpicServer/v2/logger.go:222.51,226.2 3 1
github.com/tomskip123/EpicServer/v2/logger.go:229.53,233.2 3 1
github.com/tomskip123/EpicServer/v2/logger.go:236.56,240.2 3 1
github.com/tomskip123/EpicServer/v2/logger.go:243.63,247.2 3 1
github.com/tomskip123/EpicServer/v2/logger.go:250.66,264.2 4 1
github.com/tomskip123/EpicServer/v2/logger.go:267.61,280.2 3 1
github.com/tomskip123/EpicServer/v2/logger.go:283.57,284.20 1 1
github.com/tomskip123/EpicServer/v2/logger.go:284.20,286.3 1 1
github.com/tomskip123/EpicServer/v2/logger.go:288.2,291.27 2 1
github.com/tomskip123/EpicServer/v2/logger.go:291.27,293.3 1 1
github.com/tomskip123/EpicServer/v2/logger.go:294.2,294.16 1 1
github.com/tomskip123/EpicServer/v2/logger.go:298.66,299.44 1 1
github.com/tomskip123/EpicServer/v2/logger.go:299.44,301.3 1 1
github.com/tomskip123/EpicServer/v2/logger.go:305.65,306.43 1 1
github.com/tomskip123/EpicServer/v2/logger.go:306.43,308.3 1 1
github.com/tomskip123/EpicServer/v2/logger.go:312.65,313.43 1 1
github.com/tomskip123/EpicServer/v2/logger.go:313.43,315.3 1 1
github.com/tomskip123/EpicServer/v2/logger.go:319.66,320.44 1 1
github.com/tomskip123/EpicServer/v2/logger.go:320.44,322.3 1 1
github.com/tomskip123/EpicServer/v2/logger.go:326.66,327.44 1 0
github.com/tomskip123/EpicServer/v2/logger.go:327.44,330.3 2 0
github.com/tomskip123/EpicServer/v2/logger.go:334.80,340.9 4 1
github.com/tomskip123/EpicServer/v2/logger.go:340.9,343.3 2 0
github.com/tomskip123/EpicServer/v2/logger.go:346.2,347.20 2 1
github.com/tomskip123/EpicServer/v2/logger.go:347.20,349.3 1 1
github.com/tomskip123/EpicServer/v2/logger.go:351.2,365.20 6 1
github.com/tomskip123/EpicServer/v2/logger.go:365.20,367.3 1 1
github.com/tomskip123/EpicServer/v2/logger.go:369.2,369.31 1 1
github.com/tomskip123/EpicServer/v2/logger.go:369.31,371.3 1 1
github.com/tomskip123/EpicServer/v2/logger.go:371.8,373.3 1 1
github.com/tomskip123/EpicServer/v2/logger.go:377.57,379.31 2 1
github.com/tomskip123/EpicServer/v2/logger.go:379.31,381.3 1 1
github.com/tomskip123/EpicServer/v2/logger.go:383.2,384.16 2 1
github.com/tomskip123/EpicServer/v2/logger.go:384.16,387.3 2 0
github.com/tomskip123/EpicServer/v2/logger.go:389.2,391.16 3 1
github.com/tomskip123/EpicServer/v2/logger.go:391.16,393.3 1 0
github.com/tomskip123/EpicServer/v2/logger.go:397.85,402.31 3 1
github.com/tomskip123/EpicServer/v2/logger.go:402.31,404.31 2 1
github.com/tomskip123/EpicServer/v2/logger.go:404.31,405.42 1 1
github.com/tomskip123/EpicServer/v2/logger.go:405.42,407.5 1 1
github.com/tomskip123/EpicServer/v2/logger.go:408.9,408.35 1 1
github.com/tomskip123/EpicServer/v2/logger.go:408.35,409.41 1 1
github.com/tomskip123/EpicServer/v2/logger.go:409.41,411.5 1 1
github.com/tomskip123/EpicServer/v2/logger.go:412.9,412.35 1 1
github.com/tomskip123/EpicServer/v2/logger.go:412.35,413.41 1 1
github.com/tomskip123/EpicServer/v2/logger.go:413.41,415.5 1 1
github.com/tomskip123/EpicServer/v2/logger.go:420.2,432.18 7 1
github.com/tomskip123/EpicServer/v2/logger.go:432.18,436.3 3 1
github.com/tomskip123/EpicServer/v2/logger.go:439.2,447.31 5 1
github.com/tomskip123/EpicServer/v2/logger.go:447.31,448.131 1 1
github.com/tomskip123/EpicServer/v2/logger.go:448.131,454.35 4 1
github.com/tomskip123/EpicServer/v2/logger.go:455.16,456.27 1 1
github.com/tomskip123/EpicServer/v2/logger.go:457.15,458.35 1 0
github.com/tomskip123/EpicServer/v2/logger.go:459.12,460.46 1 1
github.com/tomskip123/EpicServer/v2/logger.go:465.2,468.16 3 1
github.com/tomskip123/EpicServer/v2/logger.go:468.16,470.3 1 0
github.com/tomskip123/EpicServer/v2/logger.go:474.47,475.25 1 1
github.com/tomskip123/EpicServer/v2/logger.go:475.25,477.3 1 1
github.com/tomskip123/EpicServer/v2/logger.go:481.44,482.25 1 1
github.com/tomskip123/EpicServer/v2/logger.go:482.25,484.3 1 1
github.com/tomskip123/EpicServer/v2/logger.go:488.47,489.25 1 1
github.com/tomskip123/EpicServer/v2/logger.go:489.25,491.3 1 1
github.com/tomskip123/EpicServer/v2/logger.go:495.65,496.25 1 1
github.com/tomskip123/EpicServer/v2/logger.go:496.25,498.3 1 1
github.com/tomskip123/EpicServer/v2/logger.go:502.54,503.25 1 1
github.com/tomskip123/EpicServer/v2/logger.go:503.25,504.53 1 1
github.com/tomskip123/EpicServer/v2/logger.go:504.53,506.4 1 1
github.com/tomskip123/EpicServer/v2/middleware.go:17.26,19.3 1 0
github.com/tomskip123/EpicServer/v2/middleware.go:27.58,29.2 1 1
github.com/tomskip123/EpicServer/v2/middleware.go:31.43,35.12 3 1
github.com/tomskip123/EpicServer/v2/middleware.go:35.12,36.49 1 1
github.com/tomskip123/EpicServer/v2/middleware.go:36.49,38.4 1 1
github.com/tomskip123/EpicServer/v2/middleware.go:42.2,43.13 2 1
github.com/tomskip123/EpicServer/v2/middleware.go:44.97,46.58 1 1
github.com/tomskip123/EpicServer/v2/middleware.go:47.10,49.107 1 1
github.com/tomskip123/EpicServer/v2/middleware.go:53.2,53.88 1 1
github.com/tomskip123/EpicServer/v2/middleware.go:53.88,56.3 2 1
github.com/tomskip123/EpicServer/v2/middleware.go:58.2,58.74 1 1
github.com/tomskip123/EpicServer/v2/middleware.go:58.74,60.28 1 1
github.com/tomskip123/EpicServer/v2/middleware.go:60.28,64.4 1 1
github.com/tomskip123/EpicServer/v2/middleware.go:65.3,66.9 2 1
github.com/tomskip123/EpicServer/v2/middleware.go:70.2,73.43 2 1
github.com/tomskip123/EpicServer/v2/middleware.go:73.43,74.28 1 0
github.com/tomskip123/EpicServer/v2/middleware.go:74.28,78.4 1 0
github.com/tomskip123/EpicServer/v2/middleware.go:79.3,80.9 2 0
github.com/tomskip123/EpicServer/v2/middleware.go:84.2,85.16 2 1
github.com/tomskip123/EpicServer/v2/middleware.go:85.16,86.28 1 0
github.com/tomskip123/EpicServer/v2/middleware.go:86.28,90.4 1 0
github.com/tomskip123/EpicServer/v2/middleware.go:91.3,92.9 2 0
github.com/tomskip123/EpicServer/v2/middleware.go:96.2,104.15 4 1
github.com/tomskip123/EpicServer/v2/middleware.go:104.15,107.42 2 1
github.com/tomskip123/EpicServer/v2/middleware.go:107.42,111.4 1 0
github.com/tomskip123/EpicServer/v2/middleware.go:114.2,114.12 1 1
github.com/tomskip123/EpicServer/v2/middleware.go:118.55,119.32 1 1
github.com/tomskip123/EpicServer/v2/middleware.go:119.32,123.13 3 1
github.com/tomskip123/EpicServer/v2/middleware.go:123.13,124.50 1 1
github.com/tomskip123/EpicServer/v2/middleware.go:124.50,126.5 1 1
github.com/tomskip123/EpicServer/v2/middleware.go:130.3,130.38 1 1
github.com/tomskip123/EpicServer/v2/middleware.go:130.38,134.42 3 1
github.com/tomskip123/EpicServer/v2/middleware.go:134.42,135.56 1 1
github.com/tomskip123/EpicServer/v2/middleware.go:135.56,137.11 2 1
github.com/tomskip123/EpicServer/v2/middleware.go:141.4,141.16 1 1
github.com/tomskip123/EpicServer/v2/middleware.go:141.16,142.26 1 1
github.com/tomskip123/EpicServer/v2/middleware.go:142.26,147.6 1 0
github.com/tomskip123/EpicServer/v2/middleware.go:148.5,149.11 2 1
github.com/tomskip123/EpicServer/v2/middleware.go:153.4,159.10 7 1
github.com/tomskip123/EpicServer/v2/middleware.go:163.3,164.19 2 1
github.com/tomskip123/EpicServer/v2/middleware.go:164.19,167.42 2 1
github.com/tomskip123/EpicServer/v2/middleware.go:167.42,168.56 1 1
github.com/tomskip123/EpicServer/v2/middleware.go:168.56,170.11 2 1
github.com/tomskip123/EpicServer/v2/middleware.go:174.4,174.16 1 1
github.com/tomskip123/EpicServer/v2/middleware.go:174.16,175.26 1 1
github.com/tomskip123/EpicServer/v2/middleware.go:175.26,181.6 1 0
github.com/tomskip123/EpicServer/v2/middleware.go:182.5,183.11 2 1
github.com/tomskip123/EpicServer/v2/middleware.go:186.4,187.58 2 1
github.com/tomskip123/EpicServer/v2/middleware.go:190.3,190.13 1 1
github.com/tomskip123/EpicServer/v2/middleware.go:194.61,195.32 1 1
github.com/tomskip123/EpicServer/v2/middleware.go:195.32,196.35 1 1
github.com/tomskip123/EpicServer/v2/middleware.go:196.35,199.4 2 0
github.com/tomskip123/EpicServer/v2/middleware.go:201.3,201.43 1 1
github.com/tomskip123/EpicServer/v2/middleware.go:201.43,203.18 2 1
github.com/tomskip123/EpicServer/v2/middleware.go:203.18,207.5 3 0
github.com/tomskip123/EpicServer/v2/middleware.go:209.4,210.32 2 1
github.com/tomskip123/EpicServer/v2/middleware.go:213.3,213.13 1 1
github.com/tomskip123/EpicServer/v2/middleware.go:218.40,219.30 1 1
github.com/tomskip123/EpicServer/v2/middleware.go:219.30,223.34 1 1
github.com/tomskip123/EpicServer/v2/middleware.go:223.34,226.4 2 1
github.com/tomskip123/EpicServer/v2/middleware.go:229.3,231.13 3 1
github.com/tomskip123/EpicServer/v2/middleware.go:231.13,232.50 1 0
github.com/tomskip123/EpicServer/v2/middleware.go:232.50,234.5 1 0
github.com/tomskip123/EpicServer/v2/middleware.go:238.3,239.17 2 1
github.com/tomskip123/EpicServer/v2/middleware.go:239.17,240.25 1 1
github.com/tomskip123/EpicServer/v2/middleware.go:240.25,242.5 1 0
github.com/tomskip123/EpicServer/v2/middleware.go:243.4,244.10 2 1
github.com/tomskip123/EpicServer/v2/middleware.go:248.3,249.18 2 1
github.com/tomskip123/EpicServer/v2/middleware.go:249.18,250.25 1 1
github.com/tomskip123/EpicServer/v2/middleware.go:250.25,252.5 1 0
github.com/tomskip123/EpicServer/v2/middleware.go:253.4,254.10 2 1
github.com/tomskip123/EpicServer/v2/middleware.go:258.3,258.22 1 1
github.com/tomskip123/EpicServer/v2/middleware.go:258.22,259.25 1 1
github.com/tomskip123/EpicServer/v2/middleware.go:259.25,261.5 1 0
github.com/tomskip123/EpicServer/v2/middleware.go:262.4,263.10 2 1
github.com/tomskip123/EpicServer/v2/middleware.go:266.3,266.11 1 1
github.com/tomskip123/EpicServer/v2/middleware.go:271.44,272.30 1 1
github.com/tomskip123/EpicServer/v2/middleware.go:272.30,276.13 3 1
github.com/tomskip123/EpicServer/v2/middleware.go:276.13,277.50 1 1
github.com/tomskip123/EpicServer/v2/middleware.go:277.50,279.5 1 1
github.com/tomskip123/EpicServer/v2/middleware.go:282.3,283.38 2 1
github.com/tomskip123/EpicServer/v2/middleware.go:283.38,290.28 4 1
github.com/tomskip123/EpicServer/v2/middleware.go:290.28,292.5 1 0
github.com/tomskip123/EpicServer/v2/middleware.go:295.4,295.45 1 1
github.com/tomskip123/EpicServer/v2/middleware.go:295.45,297.5 1 1
github.com/tomskip123/EpicServer/v2/middleware.go:299.4,301.24 2 1
github.com/tomskip123/EpicServer/v2/middleware.go:301.24,307.5 1 1
github.com/tomskip123/EpicServer/v2/middleware.go:309.4,311.10 3 1
github.com/tomskip123/EpicServer/v2/middleware.go:314.3,314.11 1 1
github.com/tomskip123/EpicServer/v2/middleware.go:345.60,347.29 1 1
github.com/tomskip123/EpicServer/v2/middleware.go:347.29,349.3 1 1
github.com/tomskip123/EpicServer/v2/middleware.go:350.2,350.26 1 1
github.com/tomskip123/EpicServer/v2/middleware.go:350.26,352.3 1 1
github.com/tomskip123/EpicServer/v2/middleware.go:353.2,353.31 1 1
github.com/tomskip123/EpicServer/v2/middleware.go:353.31,355.3 1 1
github.com/tomskip123/EpicServer/v2/middleware.go:358.2,365.16 3 1
github.com/tomskip123/EpicServer/v2/middleware.go:369.33,373.21 3 1
github.com/tomskip123/EpicServer/v2/middleware.go:373.21,375.49 2 1
github.com/tomskip123/EpicServer/v2/middleware.go:375.49,379.50 2 1
github.com/tomskip123/EpicServer/v2/middleware.go:379.50,382.5 2 1
github.com/tomskip123/EpicServer/v2/middleware.go:385.4,385.55 1 1
github.com/tomskip123/EpicServer/v2/middleware.go:385.55,387.5 1 0
github.com/tomskip123/EpicServer/v2/middleware.go:389.4,389.15 1 1
github.com/tomskip123/EpicServer/v2/middleware.go:395.52,396.54 1 1
github.com/tomskip123/EpicServer/v2/middleware.go:396.54,398.65 1 1
github.com/tomskip123/EpicServer/v2/middleware.go:398.65,400.4 1 1
github.com/tomskip123/EpicServer/v2/middleware.go:402.2,402.14 1 1
github.com/tomskip123/EpicServer/v2/middleware.go:406.52,407.30 1 1
github.com/tomskip123/EpicServer/v2/middleware.go:407.30,411.13 3 1
github.com/tomskip123/EpicServer/v2/middleware.go:411.13,412.50 1 0
github.com/tomskip123/EpicServer/v2/middleware.go:412.50,414.5 1 0
github.com/tomskip123/EpicServer/v2/middleware.go:418.3,418.39 1 1
github.com/tomskip123/EpicServer/v2/middleware.go:418.39,419.30 1 1
github.com/tomskip123/EpicServer/v2/middleware.go:419.30,423.5 1 0
github.com/tomskip123/EpicServer/v2/middleware.go:424.4,425.10 2 1
github.com/tomskip123/EpicServer/v2/middleware.go:428.3,429.15 2 1
github.com/tomskip123/EpicServer/v2/middleware.go:429.15,430.30 1 0
github.com/tomskip123/EpicServer/v2/middleware.go:430.30,434.5 1 0
github.com/tomskip123/EpicServer/v2/middleware.go:435.4,436.10 2 0
github.com/tomskip123/EpicServer/v2/middleware.go:439.3,447.14 6 1
github.com/tomskip123/EpicServer/v2/middleware.go:447.14,455.4 2 1
github.com/tomskip123/EpicServer/v2/middleware.go:455.9,457.4 1 1
github.com/tomskip123/EpicServer/v2/middleware.go:460.3,460.22 1 1
github.com/tomskip123/EpicServer/v2/middleware.go:460.22,461.37 1 0
github.com/tomskip123/EpicServer/v2/middleware.go:461.37,465.31 3 0
github.com/tomskip123/EpicServer/v2/middleware.go:465.31,469.6 1 0
github.com/tomskip123/EpicServer/v2/middleware.go:470.10,473.31 2 0
github.com/tomskip123/EpicServer/v2/middleware.go:473.31,478.6 1 0
github.com/tomskip123/EpicServer/v2/middleware.go:479.5,484.11 6 0
github.com/tomskip123/EpicServer/v2/middleware.go:489.3,489.55 1 1
github.com/tomskip123/EpicServer/v2/middleware.go:489.55,491.4 1 0
github.com/tomskip123/EpicServer/v2/middleware.go:494.3,498.43 3 1
github.com/tomskip123/EpicServer/v2/middleware.go:498.43,506.30 4 1
github.com/tomskip123/EpicServer/v2/middleware.go:506.30,513.5 1 0
github.com/tomskip123/EpicServer/v2/middleware.go:515.4,520.10 6 1
github.com/tomskip123/EpicServer/v2/middleware.go:524.3,525.84 2 1
github.com/tomskip123/EpicServer/v2/middleware.go:525.84,532.4 1 0
github.com/tomskip123/EpicServer/v2/middleware.go:534.3,539.11 5 1
github.com/tomskip123/EpicServer/v2/middleware.go:544.57,545.25 1 1
github.com/tomskip123/EpicServer/v2/middleware.go:545.25,555.3 4 1
github.com/tomskip123/EpicServer/v2/middleware.go:558.61,562.30 2 1
github.com/tomskip123/EpicServer/v2/middleware.go:562.30,573.3 4 1
github.com/tomskip123/EpicServer/v2/middleware.go:603.60,617.2 1 1
github.com/tomskip123/EpicServer/v2/middleware.go:620.79,621.30 1 1
github.com/tomskip123/EpicServer/v2/middleware.go:621.30,625.13 3 1
github.com/tomskip123/EpicServer/v2/middleware.go:625.13,626.50 1 0
github.com/tomskip123/EpicServer/v2/middleware.go:626.50,628.5 1 0
github.com/tomskip123/EpicServer/v2/middleware.go:632.3,640.44 3 1
github.com/tomskip123/EpicServer/v2/middleware.go:640.44,641.29 1 0
github.com/tomskip123/EpicServer/v2/middleware.go:641.29,645.5 1 0
github.com/tomskip123/EpicServer/v2/middleware.go:646.4,646.10 1 0
github.com/tomskip123/EpicServer/v2/middleware.go:650.3,650.24 1 1
github.com/tomskip123/EpicServer/v2/middleware.go:650.24,653.36 2 1
github.com/tomskip123/EpicServer/v2/middleware.go:653.36,655.5 1 1
github.com/tomskip123/EpicServer/v2/middleware.go:657.4,657.26 1 1
github.com/tomskip123/EpicServer/v2/middleware.go:657.26,659.5 1 1
github.com/tomskip123/EpicServer/v2/middleware.go:661.4,662.29 2 1
github.com/tomskip123/EpicServer/v2/middleware.go:662.29,666.5 1 0
github.com/tomskip123/EpicServer/v2/middleware.go:669.3,669.41 1 1
github.com/tomskip123/EpicServer/v2/middleware.go:669.41,671.29 2 1
github.com/tomskip123/EpicServer/v2/middleware.go:671.29,675.5 1 0
github.com/tomskip123/EpicServer/v2/middleware.go:678.3,678.34 1 1
github.com/tomskip123/EpicServer/v2/middleware.go:678.34,680.29 2 1
github.com/tomskip123/EpicServer/v2/middleware.go:680.29,684.5 1 0
github.com/tomskip123/EpicServer/v2/middleware.go:687.3,687.37 1 1
github.com/tomskip123/EpicServer/v2/middleware.go:687.37,689.29 2 1
github.com/tomskip123/EpicServer/v2/middleware.go:689.29,693.5 1 0
github.com/tomskip123/EpicServer/v2/middleware.go:696.3,696.33 1 1
github.com/tomskip123/EpicServer/v2/middleware.go:696.33,698.29 2 1
github.com/tomskip123/EpicServer/v2/middleware.go:698.29,701.5 1 0
github.com/tomskip123/EpicServer/v2/middleware.go:704.3,704.32 1 1
github.com/tomskip123/EpicServer/v2/middleware.go:704.32,706.29 2 1
github.com/tomskip123/EpicServer/v2/middleware.go:706.29,710.5 1 0
github.com/tomskip123/EpicServer/v2/middleware.go:713.3,713.38 1 1
github.com/tomskip123/EpicServer/v2/middleware.go:713.38,715.29 2 1
github.com/tomskip123/EpicServer/v2/middleware.go:715.29,718.5 1 0
github.com/tomskip123/EpicServer/v2/middleware.go:724.66,725.19 1 1
github.com/tomskip123/EpicServer/v2/middleware.go:725.19,727.3 1 1
github.com/tomskip123/EpicServer/v2/middleware.go:729.2,729.25 1 1
github.com/tomskip123/EpicServer/v2/middleware.go:729.25,739.3 3 1
github.com/tomskip123/EpicServer/v2/middleware.go:744.54,745.30 1 1
github.com/tomskip123/EpicServer/v2/middleware.go:745.30,751.3 2 1
github.com/tomskip123/EpicServer/v2/route.go:42.48,43.25 1 1
github.com/tomskip123/EpicServer/v2/route.go:43.25,44.32 1 1
github.com/tomskip123/EpicServer/v2/route.go:44.32,46.39 2 1
github.com/tomskip123/EpicServer/v2/route.go:46.39,47.37 1 1
github.com/tomskip123/EpicServer/v2/route.go:47.37,49.6 1 1
github.com/tomskip123/EpicServer/v2/route.go:50.5,52.59 2 1
github.com/tomskip123/EpicServer/v2/route.go:59.51,65.2 1 1
github.com/tomskip123/EpicServer/v2/route.go:67.50,73.2 1 1
github.com/tomskip123/EpicServer/v2/route.go:75.50,81.2 1 1
github.com/tomskip123/EpicServer/v2/route.go:83.52,89.2 1 1
github.com/tomskip123/EpicServer/v2/route.go:91.53,97.2 1 1
github.com/tomskip123/EpicServer/v2/server.go:60.42,65.30 2 1
github.com/tomskip123/EpicServer/v2/server.go:65.30,67.3 1 1
github.com/tomskip123/EpicServer/v2/server.go:70.2,70.42 1 1
github.com/tomskip123/EpicServer/v2/server.go:70.42,77.3 2 1
github.com/tomskip123/EpicServer/v2/server.go:80.2,108.38 6 1
github.com/tomskip123/EpicServer/v2/server.go:108.38,110.3 1 1
github.com/tomskip123/EpicServer/v2/server.go:112.2,112.10 1 1
github.com/tomskip123/EpicServer/v2/server.go:116.35,118.2 1 1
github.com/tomskip123/EpicServer/v2/server.go:121.38,123.2 1 1
github.com/tomskip123/EpicServer/v2/server.go:126.38,128.2 1 1
github.com/tomskip123/EpicServer/v2/server.go:131.52,132.19 1 1
github.com/tomskip123/EpicServer/v2/server.go:132.19,136.3 2 0
github.com/tomskip123/EpicServer/v2/server.go:138.2,138.31 1 1
github.com/tomskip123/EpicServer/v2/server.go:138.31,140.3 1 1
github.com/tomskip123/EpicServer/v2/server.go:144.32,146.19 1 1
github.com/tomskip123/EpicServer/v2/server.go:146.19,148.32 2 1
github.com/tomskip123/EpicServer/v2/server.go:148.32,149.13 1 1
github.com/tomskip123/EpicServer/v2/server.go:149.13,151.5 1 0
github.com/tomskip123/EpicServer/v2/server.go:152.4,152.26 1 1
github.com/tomskip123/EpicServer/v2/server.go:154.3,154.29 1 1
github.com/tomskip123/EpicServer/v2/server.go:158.2,173.12 8 1
github.com/tomskip123/EpicServer/v2/server.go:173.12,184.17 8 1
github.com/tomskip123/EpicServer/v2/server.go:184.17,185.52 1 1
github.com/tomskip123/EpicServer/v2/server.go:185.52,187.5 1 0
github.com/tomskip123/EpicServer/v2/server.go:192.2,195.29 4 1
github.com/tomskip123/EpicServer/v2/server.go:199.31,204.21 4 1
github.com/tomskip123/EpicServer/v2/server.go:204.21,207.3 2 1
github.com/tomskip123/EpicServer/v2/server.go:210.2,210.13 1 1
github.com/tomskip123/EpicServer/v2/server.go:210.13,212.3 1 1
github.com/tomskip123/EpicServer/v2/server.go:215.2,216.12 2 1
github.com/tomskip123/EpicServer/v2/server.go:220.30,231.2 6 1
github.com/tomskip123/EpicServer/v2/server.go:234.36,242.2 3 1
github.com/tomskip123/EpicServer/v2/server.go:252.44,253.25 1 1
github.com/tomskip123/EpicServer/v2/server.go:253.25,254.45 1 1
github.com/tomskip123/EpicServer/v2/server.go:254.45,256.4 1 1
github.com/tomskip123/EpicServer/v2/server.go:261.33,262.25 1 1
github.com/tomskip123/EpicServer/v2/server.go:262.25,268.3 3 1
github.com/tomskip123/EpicServer/v2/server.go:272.31,273.25 1 1
github.com/tomskip123/EpicServer/v2/server.go:273.25,279.3 3 1
github.com/tomskip123/EpicServer/v2/server.go:283.42,284.25 1 1
github.com/tomskip123/EpicServer/v2/server.go:284.25,290.3 3 1
github.com/tomskip123/EpicServer/v2/server.go:295.51,296.25 1 1
github.com/tomskip123/EpicServer/v2/server.go:296.25,297.35 1 1
github.com/tomskip123/EpicServer/v2/server.go:297.35,299.4 1 1
github.com/tomskip123/EpicServer/v2/server.go:299.9,299.41 1 1
github.com/tomskip123/EpicServer/v2/server.go:299.41,301.4 1 1
github.com/tomskip123/EpicServer/v2/server.go:301.9,303.4 1 1
github.com/tomskip123/EpicServer/v2/server.go:306.3,307.60 2 1
github.com/tomskip123/EpicServer/v2/server.go:312.52,313.25 1 1
github.com/tomskip123/EpicServer/v2/server.go:313.25,319.3 3 1
github.com/tomskip123/EpicServer/v2/server.go:323.27,324.25 1 1
github.com/tomskip123/EpicServer/v2/server.go:324.25,330.3 3 1
github.com/tomskip123/EpicServer/v2/server.go:335.38,336.25 1 1
github.com/tomskip123/EpicServer/v2/server.go:336.25,342.3 3 1
github.com/tomskip123/EpicServer/v2/static.go:15.92,16.25 1 1
github.com/tomskip123/EpicServer/v2/static.go:16.25,18.17 2 1
github.com/tomskip123/EpicServer/v2/static.go:18.17,19.14 1 0
github.com/tomskip123/EpicServer/v2/static.go:22.3,22.43 1 1
github.com/tomskip123/EpicServer/v2/static.go:26.104,27.25 1 1
github.com/tomskip123/EpicServer/v2/static.go:27.25,29.3 1 1
github.com/tomskip123/EpicServer/v2/static.go:36.12,37.25 1 1
github.com/tomskip123/EpicServer/v2/static.go:37.25,38.41 1 1
github.com/tomskip123/EpicServer/v2/static.go:38.41,45.23 3 1
github.com/tomskip123/EpicServer/v2/static.go:45.23,48.5 2 1
github.com/tomskip123/EpicServer/v2/static.go:50.4,50.24 1 1
github.com/tomskip123/EpicServer/v2/static.go:50.24,52.19 2 1
github.com/tomskip123/EpicServer/v2/static.go:52.19,56.6 3 0
github.com/tomskip123/EpicServer/v2/static.go:58.5,59.23 2 1
github.com/tomskip123/EpicServer/v2/static.go:62.4,63.18 2 1
github.com/tomskip123/EpicServer/v2/static.go:63.18,67.5 3 0
github.com/tomskip123/EpicServer/v2/static.go:70.4,72.62 2 1
github.com/tomskip123/EpicServer/v2/static.go:72.62,74.5 1 0
github.com/tomskip123/EpicServer/v2/static.go:76.4,76.53 1 1
github.com/tomskip123/EpicServer/v2/static.go:76.53,78.5 1 0
github.com/tomskip123/EpicServer/v2/static.go:80.4,80.47 1 1
github.com/tomskip123/EpicServer/v2/static.go:90.113,92.67 1 1
github.com/tomskip123/EpicServer/v2/static.go:92.67,94.17 2 1
github.com/tomskip123/EpicServer/v2/static.go:94.17,98.4 3 0
github.com/tomskip123/EpicServer/v2/static.go:99.3,102.17 3 1
github.com/tomskip123/EpicServer/v2/static.go:102.17,106.4 3 0
github.com/tomskip123/EpicServer/v2/static.go:109.3,110.48 2 1
github.com/tomskip123/EpicServer/v2/static.go:110.48,112.4 1 0
github.com/tomskip123/EpicServer/v2/static.go:114.3,114.64 1 1
github.com/tomskip123/EpicServer/v2/cache/memory.go:46.91,55.25 2 1
github.com/tomskip123/EpicServer/v2/cache/memory.go:55.25,57.3 1 1
github.com/tomskip123/EpicServer/v2/cache/memory.go:59.2,59.14 1 1
github.com/tomskip123/EpicServer/v2/cache/memory.go:63.38,67.22 3 1
github.com/tomskip123/EpicServer/v2/cache/memory.go:67.22,69.3 1 0
github.com/tomskip123/EpicServer/v2/cache/memory.go:71.2,72.16 2 1
github.com/tomskip123/EpicServer/v2/cache/memory.go:76.33,80.21 3 1
github.com/tomskip123/EpicServer/v2/cache/memory.go:80.21,82.3 1 0
github.com/tomskip123/EpicServer/v2/cache/memory.go:86.82,90.19 2 1
github.com/tomskip123/EpicServer/v2/cache/memory.go:90.19,92.3 1 1
github.com/tomskip123/EpicServer/v2/cache/memory.go:94.2,94.18 1 1
github.com/tomskip123/EpicServer/v2/cache/memory.go:94.18,96.3 1 1
github.com/tomskip123/EpicServer/v2/cache/memory.go:98.2,102.79 3 1
github.com/tomskip123/EpicServer/v2/cache/memory.go:102.79,107.29 3 0
github.com/tomskip123/EpicServer/v2/cache/memory.go:107.29,108.53 1 0
github.com/tomskip123/EpicServer/v2/cache/memory.go:108.53,111.5 2 0
github.com/tomskip123/EpicServer/v2/cache/memory.go:114.3,114.22 1 0
github.com/tomskip123/EpicServer/v2/cache/memory.go:114.22,116.4 1 0
github.com/tomskip123/EpicServer/v2/cache/memory.go:120.2,123.3 1 1
github.com/tomskip123/EpicServer/v2/cache/memory.go:127.59,130.13 3 1
github.com/tomskip123/EpicServer/v2/cache/memory.go:130.13,133.3 2 1
github.com/tomskip123/EpicServer/v2/cache/memory.go:136.2,136.68 1 1
github.com/tomskip123/EpicServer/v2/cache/memory.go:136.68,141.3 3 1
github.com/tomskip123/EpicServer/v2/cache/memory.go:143.2,144.25 2 1
github.com/tomskip123/EpicServer/v2/cache/memory.go:148.42,152.2 3 1
github.com/tomskip123/EpicServer/v2/cache/memory.go:155.39,161.28 4 1
github.com/tomskip123/EpicServer/v2/cache/memory.go:161.28,162.45 1 1
github.com/tomskip123/EpicServer/v2/cache/memory.go:162.45,164.4 1 1
github.com/tomskip123/EpicServer/v2/cache/memory.go:169.31,173.2 3 1
github.com/tomskip123/EpicServer/v2/cache/memory.go:176.39,180.2 3 1
github.com/tomskip123/EpicServer/v2/cache/memory.go:183.69,184.57 1 1
github.com/tomskip123/EpicServer/v2/cache/memory.go:184.57,186.3 1 1
github.com/tomskip123/EpicServer/v2/cache/memory.go:187.2,187.29 1 1
github.com/tomskip123/EpicServer/v2/cache/memory.go:191.69,193.28 1 1
github.com/tomskip123/EpicServer/v2/cache/memory.go:193.28,195.3 1 1
github.com/tomskip123/EpicServer/v2/cache/memory.go:197.2,197.33 1 1
github.com/tomskip123/EpicServer/v2/cache/memory.go:197.33,199.3 1 1
github.com/tomskip123/EpicServer/v2/cache/memory.go:201.2,201.36 1 1
github.com/tomskip123/EpicServer/v2/cache/memory.go:201.36,209.3 3 1
